<?xml version="1.0" encoding="UTF-8"?>
<Site BuildName="Win32-mingw32-make"
	BuildStamp="20260211-0335-Experimental"
	Name="L-564"
	Generator="ctest-3.26.4"
	CompilerName="C:/Strawberry/c/bin/g++.exe"
	CompilerVersion="13.1.0"
	OSName="Windows"
	Hostname="L-564"
	OSRelease=" Professional"
	OSVersion=" (Build 9200)"
	OSPlatform="AMD64"
	Is64Bits="1"
	VendorString=""
	VendorID="Unknown Manufacturer"
	FamilyID="0"
	ModelID="0"
	ProcessorCacheSize="0"
	NumberOfLogicalCPU="8"
	NumberOfPhysicalCPU="4"
	TotalVirtualMemory="41282"
	TotalPhysicalMemory="15761"
	LogicalProcessorsPerPhysical="2"
	ProcessorClockFrequency="1805"
	>
	<Testing>
		<StartDateTime>Feb 11 13:31 SE Asia Standard Time</StartDateTime>
		<StartTestTime>1770791488</StartTestTime>
		<TestList/>
		<EndDateTime>Feb 11 13:31 SE Asia Standard Time</EndDateTime>
		<EndTestTime>1770791488</EndTestTime>
		<ElapsedMinutes>0</ElapsedMinutes>
	</Testing>
</Site>
